DEBUG:urllib3.util.retry:Converted retries value: 2 -> Retry(total=2, connect=None, read=None, redirect=None, status=None)
DEBUG:urllib3.util.retry:Converted retries value: 2 -> Retry(total=2, connect=None, read=None, redirect=None, status=None)
DEBUG:urllib3.util.retry:Converted retries value: 2 -> Retry(total=2, connect=None, read=None, redirect=None, status=None)
DEBUG:urllib3.util.retry:Converted retries value: 2 -> Retry(total=2, connect=None, read=None, redirect=None, status=None)
DEBUG:geopy:Nominatim.geocode: https://nominatim.openstreetmap.org/search?q=Mkad&format=json&limit=1
DEBUG:urllib3.connectionpool:Starting new HTTPS connection (1): nominatim.openstreetmap.org:443
DEBUG:urllib3.connectionpool:https://nominatim.openstreetmap.org:443 "GET /search?q=Mkad&format=json&limit=1 HTTP/1.1" 200 None
INFO:werkzeug: * Running on http://127.0.0.1:5000/ (Press CTRL+C to quit)
DEBUG:urllib3.util.retry:Converted retries value: 2 -> Retry(total=2, connect=None, read=None, redirect=None, status=None)
DEBUG:urllib3.util.retry:Converted retries value: 2 -> Retry(total=2, connect=None, read=None, redirect=None, status=None)
DEBUG:urllib3.util.retry:Converted retries value: 2 -> Retry(total=2, connect=None, read=None, redirect=None, status=None)
DEBUG:urllib3.util.retry:Converted retries value: 2 -> Retry(total=2, connect=None, read=None, redirect=None, status=None)
DEBUG:geopy:Nominatim.geocode: https://nominatim.openstreetmap.org/search?q=Mkad&format=json&limit=1
DEBUG:urllib3.connectionpool:Starting new HTTPS connection (1): nominatim.openstreetmap.org:443
DEBUG:urllib3.connectionpool:https://nominatim.openstreetmap.org:443 "GET /search?q=Mkad&format=json&limit=1 HTTP/1.1" 200 None
INFO:werkzeug: * Running on http://127.0.0.1:5000/ (Press CTRL+C to quit)
INFO:werkzeug:127.0.0.1 - - [12/Jul/2021 14:41:57] "[33mGET / HTTP/1.1[0m" 404 -
INFO:werkzeug:127.0.0.1 - - [12/Jul/2021 14:41:58] "[33mGET /favicon.ico HTTP/1.1[0m" 404 -
DEBUG:urllib3.util.retry:Converted retries value: 2 -> Retry(total=2, connect=None, read=None, redirect=None, status=None)
DEBUG:urllib3.util.retry:Converted retries value: 2 -> Retry(total=2, connect=None, read=None, redirect=None, status=None)
DEBUG:urllib3.util.retry:Converted retries value: 2 -> Retry(total=2, connect=None, read=None, redirect=None, status=None)
DEBUG:urllib3.util.retry:Converted retries value: 2 -> Retry(total=2, connect=None, read=None, redirect=None, status=None)
DEBUG:geopy:Nominatim.geocode: https://nominatim.openstreetmap.org/search?q=Mkad&format=json&limit=1
DEBUG:urllib3.connectionpool:Starting new HTTPS connection (1): nominatim.openstreetmap.org:443
DEBUG:urllib3.connectionpool:https://nominatim.openstreetmap.org:443 "GET /search?q=Mkad&format=json&limit=1 HTTP/1.1" 200 None
INFO:werkzeug: * Running on http://127.0.0.1:5000/ (Press CTRL+C to quit)
DEBUG:urllib3.util.retry:Converted retries value: 2 -> Retry(total=2, connect=None, read=None, redirect=None, status=None)
DEBUG:urllib3.util.retry:Converted retries value: 2 -> Retry(total=2, connect=None, read=None, redirect=None, status=None)
DEBUG:urllib3.util.retry:Converted retries value: 2 -> Retry(total=2, connect=None, read=None, redirect=None, status=None)
DEBUG:urllib3.util.retry:Converted retries value: 2 -> Retry(total=2, connect=None, read=None, redirect=None, status=None)
DEBUG:geopy:Nominatim.geocode: https://nominatim.openstreetmap.org/search?q=Mkad&format=json&limit=1
DEBUG:urllib3.connectionpool:Starting new HTTPS connection (1): nominatim.openstreetmap.org:443
DEBUG:urllib3.connectionpool:https://nominatim.openstreetmap.org:443 "GET /search?q=Mkad&format=json&limit=1 HTTP/1.1" 200 None
DEBUG:urllib3.util.retry:Converted retries value: 2 -> Retry(total=2, connect=None, read=None, redirect=None, status=None)
DEBUG:urllib3.util.retry:Converted retries value: 2 -> Retry(total=2, connect=None, read=None, redirect=None, status=None)
DEBUG:urllib3.util.retry:Converted retries value: 2 -> Retry(total=2, connect=None, read=None, redirect=None, status=None)
DEBUG:urllib3.util.retry:Converted retries value: 2 -> Retry(total=2, connect=None, read=None, redirect=None, status=None)
DEBUG:geopy:Nominatim.geocode: https://nominatim.openstreetmap.org/search?q=Mkad&format=json&limit=1
DEBUG:urllib3.connectionpool:Starting new HTTPS connection (1): nominatim.openstreetmap.org:443
DEBUG:urllib3.connectionpool:https://nominatim.openstreetmap.org:443 "GET /search?q=Mkad&format=json&limit=1 HTTP/1.1" 200 None
DEBUG:urllib3.util.retry:Converted retries value: 2 -> Retry(total=2, connect=None, read=None, redirect=None, status=None)
DEBUG:urllib3.util.retry:Converted retries value: 2 -> Retry(total=2, connect=None, read=None, redirect=None, status=None)
DEBUG:urllib3.util.retry:Converted retries value: 2 -> Retry(total=2, connect=None, read=None, redirect=None, status=None)
DEBUG:urllib3.util.retry:Converted retries value: 2 -> Retry(total=2, connect=None, read=None, redirect=None, status=None)
DEBUG:geopy:Nominatim.geocode: https://nominatim.openstreetmap.org/search?q=Mkad&format=json&limit=1
DEBUG:urllib3.connectionpool:Starting new HTTPS connection (1): nominatim.openstreetmap.org:443
DEBUG:urllib3.connectionpool:https://nominatim.openstreetmap.org:443 "GET /search?q=Mkad&format=json&limit=1 HTTP/1.1" 200 None
DEBUG:urllib3.util.retry:Converted retries value: 2 -> Retry(total=2, connect=None, read=None, redirect=None, status=None)
DEBUG:urllib3.util.retry:Converted retries value: 2 -> Retry(total=2, connect=None, read=None, redirect=None, status=None)
DEBUG:urllib3.util.retry:Converted retries value: 2 -> Retry(total=2, connect=None, read=None, redirect=None, status=None)
DEBUG:urllib3.util.retry:Converted retries value: 2 -> Retry(total=2, connect=None, read=None, redirect=None, status=None)
DEBUG:geopy:Nominatim.geocode: https://nominatim.openstreetmap.org/search?q=Mkad&format=json&limit=1
DEBUG:urllib3.connectionpool:Starting new HTTPS connection (1): nominatim.openstreetmap.org:443
DEBUG:urllib3.connectionpool:https://nominatim.openstreetmap.org:443 "GET /search?q=Mkad&format=json&limit=1 HTTP/1.1" 200 None
DEBUG:urllib3.util.retry:Converted retries value: 2 -> Retry(total=2, connect=None, read=None, redirect=None, status=None)
DEBUG:urllib3.util.retry:Converted retries value: 2 -> Retry(total=2, connect=None, read=None, redirect=None, status=None)
DEBUG:urllib3.util.retry:Converted retries value: 2 -> Retry(total=2, connect=None, read=None, redirect=None, status=None)
DEBUG:urllib3.util.retry:Converted retries value: 2 -> Retry(total=2, connect=None, read=None, redirect=None, status=None)
DEBUG:geopy:Nominatim.geocode: https://nominatim.openstreetmap.org/search?q=Mkad&format=json&limit=1
DEBUG:urllib3.connectionpool:Starting new HTTPS connection (1): nominatim.openstreetmap.org:443
DEBUG:urllib3.connectionpool:https://nominatim.openstreetmap.org:443 "GET /search?q=Mkad&format=json&limit=1 HTTP/1.1" 200 None
DEBUG:urllib3.util.retry:Converted retries value: 2 -> Retry(total=2, connect=None, read=None, redirect=None, status=None)
DEBUG:urllib3.util.retry:Converted retries value: 2 -> Retry(total=2, connect=None, read=None, redirect=None, status=None)
DEBUG:urllib3.util.retry:Converted retries value: 2 -> Retry(total=2, connect=None, read=None, redirect=None, status=None)
DEBUG:urllib3.util.retry:Converted retries value: 2 -> Retry(total=2, connect=None, read=None, redirect=None, status=None)
DEBUG:geopy:Nominatim.geocode: https://nominatim.openstreetmap.org/search?q=Mkad&format=json&limit=1
DEBUG:urllib3.connectionpool:Starting new HTTPS connection (1): nominatim.openstreetmap.org:443
DEBUG:urllib3.connectionpool:https://nominatim.openstreetmap.org:443 "GET /search?q=Mkad&format=json&limit=1 HTTP/1.1" 200 None
DEBUG:urllib3.util.retry:Converted retries value: 2 -> Retry(total=2, connect=None, read=None, redirect=None, status=None)
DEBUG:urllib3.util.retry:Converted retries value: 2 -> Retry(total=2, connect=None, read=None, redirect=None, status=None)
DEBUG:urllib3.util.retry:Converted retries value: 2 -> Retry(total=2, connect=None, read=None, redirect=None, status=None)
DEBUG:urllib3.util.retry:Converted retries value: 2 -> Retry(total=2, connect=None, read=None, redirect=None, status=None)
DEBUG:geopy:Nominatim.geocode: https://nominatim.openstreetmap.org/search?q=Mkad&format=json&limit=1
DEBUG:urllib3.connectionpool:Starting new HTTPS connection (1): nominatim.openstreetmap.org:443
DEBUG:urllib3.connectionpool:https://nominatim.openstreetmap.org:443 "GET /search?q=Mkad&format=json&limit=1 HTTP/1.1" 200 None
DEBUG:urllib3.util.retry:Converted retries value: 2 -> Retry(total=2, connect=None, read=None, redirect=None, status=None)
DEBUG:urllib3.util.retry:Converted retries value: 2 -> Retry(total=2, connect=None, read=None, redirect=None, status=None)
DEBUG:urllib3.util.retry:Converted retries value: 2 -> Retry(total=2, connect=None, read=None, redirect=None, status=None)
DEBUG:urllib3.util.retry:Converted retries value: 2 -> Retry(total=2, connect=None, read=None, redirect=None, status=None)
DEBUG:geopy:Nominatim.geocode: https://nominatim.openstreetmap.org/search?q=Mkad&format=json&limit=1
DEBUG:urllib3.connectionpool:Starting new HTTPS connection (1): nominatim.openstreetmap.org:443
DEBUG:urllib3.connectionpool:https://nominatim.openstreetmap.org:443 "GET /search?q=Mkad&format=json&limit=1 HTTP/1.1" 200 None
DEBUG:urllib3.util.retry:Converted retries value: 2 -> Retry(total=2, connect=None, read=None, redirect=None, status=None)
DEBUG:urllib3.util.retry:Converted retries value: 2 -> Retry(total=2, connect=None, read=None, redirect=None, status=None)
DEBUG:urllib3.util.retry:Converted retries value: 2 -> Retry(total=2, connect=None, read=None, redirect=None, status=None)
DEBUG:urllib3.util.retry:Converted retries value: 2 -> Retry(total=2, connect=None, read=None, redirect=None, status=None)
DEBUG:geopy:Nominatim.geocode: https://nominatim.openstreetmap.org/search?q=Mkad&format=json&limit=1
DEBUG:urllib3.connectionpool:Starting new HTTPS connection (1): nominatim.openstreetmap.org:443
DEBUG:urllib3.connectionpool:https://nominatim.openstreetmap.org:443 "GET /search?q=Mkad&format=json&limit=1 HTTP/1.1" 200 None
DEBUG:urllib3.util.retry:Converted retries value: 2 -> Retry(total=2, connect=None, read=None, redirect=None, status=None)
DEBUG:urllib3.util.retry:Converted retries value: 2 -> Retry(total=2, connect=None, read=None, redirect=None, status=None)
DEBUG:urllib3.util.retry:Converted retries value: 2 -> Retry(total=2, connect=None, read=None, redirect=None, status=None)
DEBUG:urllib3.util.retry:Converted retries value: 2 -> Retry(total=2, connect=None, read=None, redirect=None, status=None)
DEBUG:geopy:Nominatim.geocode: https://nominatim.openstreetmap.org/search?q=Mkad&format=json&limit=1
DEBUG:urllib3.connectionpool:Starting new HTTPS connection (1): nominatim.openstreetmap.org:443
DEBUG:urllib3.connectionpool:https://nominatim.openstreetmap.org:443 "GET /search?q=Mkad&format=json&limit=1 HTTP/1.1" 200 None
DEBUG:urllib3.util.retry:Converted retries value: 2 -> Retry(total=2, connect=None, read=None, redirect=None, status=None)
DEBUG:urllib3.util.retry:Converted retries value: 2 -> Retry(total=2, connect=None, read=None, redirect=None, status=None)
DEBUG:urllib3.util.retry:Converted retries value: 2 -> Retry(total=2, connect=None, read=None, redirect=None, status=None)
DEBUG:urllib3.util.retry:Converted retries value: 2 -> Retry(total=2, connect=None, read=None, redirect=None, status=None)
DEBUG:geopy:Nominatim.geocode: https://nominatim.openstreetmap.org/search?q=Mkad&format=json&limit=1
DEBUG:urllib3.connectionpool:Starting new HTTPS connection (1): nominatim.openstreetmap.org:443
DEBUG:urllib3.connectionpool:https://nominatim.openstreetmap.org:443 "GET /search?q=Mkad&format=json&limit=1 HTTP/1.1" 200 None
DEBUG:urllib3.util.retry:Converted retries value: 2 -> Retry(total=2, connect=None, read=None, redirect=None, status=None)
DEBUG:urllib3.util.retry:Converted retries value: 2 -> Retry(total=2, connect=None, read=None, redirect=None, status=None)
DEBUG:urllib3.util.retry:Converted retries value: 2 -> Retry(total=2, connect=None, read=None, redirect=None, status=None)
DEBUG:urllib3.util.retry:Converted retries value: 2 -> Retry(total=2, connect=None, read=None, redirect=None, status=None)
DEBUG:geopy:Nominatim.geocode: https://nominatim.openstreetmap.org/search?q=Mkad&format=json&limit=1
DEBUG:urllib3.connectionpool:Starting new HTTPS connection (1): nominatim.openstreetmap.org:443
DEBUG:urllib3.connectionpool:https://nominatim.openstreetmap.org:443 "GET /search?q=Mkad&format=json&limit=1 HTTP/1.1" 200 None
DEBUG:urllib3.util.retry:Converted retries value: 2 -> Retry(total=2, connect=None, read=None, redirect=None, status=None)
DEBUG:urllib3.util.retry:Converted retries value: 2 -> Retry(total=2, connect=None, read=None, redirect=None, status=None)
DEBUG:urllib3.util.retry:Converted retries value: 2 -> Retry(total=2, connect=None, read=None, redirect=None, status=None)
DEBUG:urllib3.util.retry:Converted retries value: 2 -> Retry(total=2, connect=None, read=None, redirect=None, status=None)
DEBUG:geopy:Nominatim.geocode: https://nominatim.openstreetmap.org/search?q=Mkad&format=json&limit=1
DEBUG:urllib3.connectionpool:Starting new HTTPS connection (1): nominatim.openstreetmap.org:443
DEBUG:urllib3.connectionpool:https://nominatim.openstreetmap.org:443 "GET /search?q=Mkad&format=json&limit=1 HTTP/1.1" 200 None
DEBUG:urllib3.util.retry:Converted retries value: 2 -> Retry(total=2, connect=None, read=None, redirect=None, status=None)
DEBUG:urllib3.util.retry:Converted retries value: 2 -> Retry(total=2, connect=None, read=None, redirect=None, status=None)
DEBUG:urllib3.util.retry:Converted retries value: 2 -> Retry(total=2, connect=None, read=None, redirect=None, status=None)
DEBUG:urllib3.util.retry:Converted retries value: 2 -> Retry(total=2, connect=None, read=None, redirect=None, status=None)
DEBUG:geopy:Nominatim.geocode: https://nominatim.openstreetmap.org/search?q=Mkad&format=json&limit=1
DEBUG:urllib3.connectionpool:Starting new HTTPS connection (1): nominatim.openstreetmap.org:443
DEBUG:urllib3.connectionpool:https://nominatim.openstreetmap.org:443 "GET /search?q=Mkad&format=json&limit=1 HTTP/1.1" 200 None
DEBUG:urllib3.util.retry:Converted retries value: 2 -> Retry(total=2, connect=None, read=None, redirect=None, status=None)
DEBUG:urllib3.util.retry:Converted retries value: 2 -> Retry(total=2, connect=None, read=None, redirect=None, status=None)
DEBUG:urllib3.util.retry:Converted retries value: 2 -> Retry(total=2, connect=None, read=None, redirect=None, status=None)
DEBUG:urllib3.util.retry:Converted retries value: 2 -> Retry(total=2, connect=None, read=None, redirect=None, status=None)
DEBUG:geopy:Nominatim.geocode: https://nominatim.openstreetmap.org/search?q=Mkad&format=json&limit=1
DEBUG:urllib3.connectionpool:Starting new HTTPS connection (1): nominatim.openstreetmap.org:443
DEBUG:urllib3.connectionpool:https://nominatim.openstreetmap.org:443 "GET /search?q=Mkad&format=json&limit=1 HTTP/1.1" 200 None
DEBUG:urllib3.util.retry:Converted retries value: 2 -> Retry(total=2, connect=None, read=None, redirect=None, status=None)
DEBUG:urllib3.util.retry:Converted retries value: 2 -> Retry(total=2, connect=None, read=None, redirect=None, status=None)
DEBUG:urllib3.util.retry:Converted retries value: 2 -> Retry(total=2, connect=None, read=None, redirect=None, status=None)
DEBUG:urllib3.util.retry:Converted retries value: 2 -> Retry(total=2, connect=None, read=None, redirect=None, status=None)
DEBUG:geopy:Nominatim.geocode: https://nominatim.openstreetmap.org/search?q=Mkad&format=json&limit=1
DEBUG:urllib3.connectionpool:Starting new HTTPS connection (1): nominatim.openstreetmap.org:443
DEBUG:urllib3.connectionpool:https://nominatim.openstreetmap.org:443 "GET /search?q=Mkad&format=json&limit=1 HTTP/1.1" 200 None
DEBUG:urllib3.util.retry:Converted retries value: 2 -> Retry(total=2, connect=None, read=None, redirect=None, status=None)
DEBUG:urllib3.util.retry:Converted retries value: 2 -> Retry(total=2, connect=None, read=None, redirect=None, status=None)
DEBUG:urllib3.util.retry:Converted retries value: 2 -> Retry(total=2, connect=None, read=None, redirect=None, status=None)
DEBUG:urllib3.util.retry:Converted retries value: 2 -> Retry(total=2, connect=None, read=None, redirect=None, status=None)
DEBUG:geopy:Nominatim.geocode: https://nominatim.openstreetmap.org/search?q=Mkad&format=json&limit=1
DEBUG:urllib3.connectionpool:Starting new HTTPS connection (1): nominatim.openstreetmap.org:443
DEBUG:urllib3.connectionpool:https://nominatim.openstreetmap.org:443 "GET /search?q=Mkad&format=json&limit=1 HTTP/1.1" 200 None
DEBUG:urllib3.util.retry:Converted retries value: 2 -> Retry(total=2, connect=None, read=None, redirect=None, status=None)
DEBUG:urllib3.util.retry:Converted retries value: 2 -> Retry(total=2, connect=None, read=None, redirect=None, status=None)
DEBUG:urllib3.util.retry:Converted retries value: 2 -> Retry(total=2, connect=None, read=None, redirect=None, status=None)
DEBUG:urllib3.util.retry:Converted retries value: 2 -> Retry(total=2, connect=None, read=None, redirect=None, status=None)
DEBUG:geopy:Nominatim.geocode: https://nominatim.openstreetmap.org/search?q=Mkad&format=json&limit=1
DEBUG:urllib3.connectionpool:Starting new HTTPS connection (1): nominatim.openstreetmap.org:443
DEBUG:urllib3.connectionpool:https://nominatim.openstreetmap.org:443 "GET /search?q=Mkad&format=json&limit=1 HTTP/1.1" 200 None
DEBUG:urllib3.util.retry:Converted retries value: 2 -> Retry(total=2, connect=None, read=None, redirect=None, status=None)
DEBUG:urllib3.util.retry:Converted retries value: 2 -> Retry(total=2, connect=None, read=None, redirect=None, status=None)
DEBUG:urllib3.util.retry:Converted retries value: 2 -> Retry(total=2, connect=None, read=None, redirect=None, status=None)
DEBUG:urllib3.util.retry:Converted retries value: 2 -> Retry(total=2, connect=None, read=None, redirect=None, status=None)
DEBUG:geopy:Nominatim.geocode: https://nominatim.openstreetmap.org/search?q=Mkad&format=json&limit=1
DEBUG:urllib3.connectionpool:Starting new HTTPS connection (1): nominatim.openstreetmap.org:443
DEBUG:urllib3.connectionpool:https://nominatim.openstreetmap.org:443 "GET /search?q=Mkad&format=json&limit=1 HTTP/1.1" 200 None
DEBUG:urllib3.util.retry:Converted retries value: 2 -> Retry(total=2, connect=None, read=None, redirect=None, status=None)
DEBUG:urllib3.util.retry:Converted retries value: 2 -> Retry(total=2, connect=None, read=None, redirect=None, status=None)
DEBUG:urllib3.util.retry:Converted retries value: 2 -> Retry(total=2, connect=None, read=None, redirect=None, status=None)
DEBUG:urllib3.util.retry:Converted retries value: 2 -> Retry(total=2, connect=None, read=None, redirect=None, status=None)
DEBUG:geopy:Nominatim.geocode: https://nominatim.openstreetmap.org/search?q=Mkad&format=json&limit=1
DEBUG:urllib3.connectionpool:Starting new HTTPS connection (1): nominatim.openstreetmap.org:443
DEBUG:urllib3.connectionpool:https://nominatim.openstreetmap.org:443 "GET /search?q=Mkad&format=json&limit=1 HTTP/1.1" 200 None
DEBUG:urllib3.util.retry:Converted retries value: 2 -> Retry(total=2, connect=None, read=None, redirect=None, status=None)
DEBUG:urllib3.util.retry:Converted retries value: 2 -> Retry(total=2, connect=None, read=None, redirect=None, status=None)
DEBUG:urllib3.util.retry:Converted retries value: 2 -> Retry(total=2, connect=None, read=None, redirect=None, status=None)
DEBUG:urllib3.util.retry:Converted retries value: 2 -> Retry(total=2, connect=None, read=None, redirect=None, status=None)
DEBUG:geopy:Nominatim.geocode: https://nominatim.openstreetmap.org/search?q=Mkad&format=json&limit=1
DEBUG:urllib3.connectionpool:Starting new HTTPS connection (1): nominatim.openstreetmap.org:443
DEBUG:urllib3.connectionpool:https://nominatim.openstreetmap.org:443 "GET /search?q=Mkad&format=json&limit=1 HTTP/1.1" 200 None
DEBUG:urllib3.util.retry:Converted retries value: 2 -> Retry(total=2, connect=None, read=None, redirect=None, status=None)
DEBUG:urllib3.util.retry:Converted retries value: 2 -> Retry(total=2, connect=None, read=None, redirect=None, status=None)
DEBUG:urllib3.util.retry:Converted retries value: 2 -> Retry(total=2, connect=None, read=None, redirect=None, status=None)
DEBUG:urllib3.util.retry:Converted retries value: 2 -> Retry(total=2, connect=None, read=None, redirect=None, status=None)
DEBUG:geopy:Nominatim.geocode: https://nominatim.openstreetmap.org/search?q=Mkad&format=json&limit=1
DEBUG:urllib3.connectionpool:Starting new HTTPS connection (1): nominatim.openstreetmap.org:443
DEBUG:urllib3.connectionpool:https://nominatim.openstreetmap.org:443 "GET /search?q=Mkad&format=json&limit=1 HTTP/1.1" 200 None
DEBUG:urllib3.util.retry:Converted retries value: 2 -> Retry(total=2, connect=None, read=None, redirect=None, status=None)
DEBUG:urllib3.util.retry:Converted retries value: 2 -> Retry(total=2, connect=None, read=None, redirect=None, status=None)
DEBUG:urllib3.util.retry:Converted retries value: 2 -> Retry(total=2, connect=None, read=None, redirect=None, status=None)
DEBUG:urllib3.util.retry:Converted retries value: 2 -> Retry(total=2, connect=None, read=None, redirect=None, status=None)
DEBUG:geopy:Nominatim.geocode: https://nominatim.openstreetmap.org/search?q=Mkad&format=json&limit=1
DEBUG:urllib3.connectionpool:Starting new HTTPS connection (1): nominatim.openstreetmap.org:443
DEBUG:urllib3.connectionpool:https://nominatim.openstreetmap.org:443 "GET /search?q=Mkad&format=json&limit=1 HTTP/1.1" 200 None
INFO:werkzeug: * Running on http://127.0.0.1:5000/ (Press CTRL+C to quit)
INFO:werkzeug:127.0.0.1 - - [12/Jul/2021 15:54:28] "[37mGET /find_distance HTTP/1.1[0m" 200 -
DEBUG:urllib3.util.retry:Converted retries value: 2 -> Retry(total=2, connect=None, read=None, redirect=None, status=None)
DEBUG:urllib3.util.retry:Converted retries value: 2 -> Retry(total=2, connect=None, read=None, redirect=None, status=None)
DEBUG:urllib3.util.retry:Converted retries value: 2 -> Retry(total=2, connect=None, read=None, redirect=None, status=None)
DEBUG:urllib3.util.retry:Converted retries value: 2 -> Retry(total=2, connect=None, read=None, redirect=None, status=None)
DEBUG:geopy:Nominatim.geocode: https://nominatim.openstreetmap.org/search?q=Mkad&format=json&limit=1
DEBUG:urllib3.connectionpool:Starting new HTTPS connection (1): nominatim.openstreetmap.org:443
DEBUG:urllib3.connectionpool:https://nominatim.openstreetmap.org:443 "GET /search?q=Mkad&format=json&limit=1 HTTP/1.1" 200 None
DEBUG:urllib3.util.retry:Converted retries value: 2 -> Retry(total=2, connect=None, read=None, redirect=None, status=None)
DEBUG:urllib3.util.retry:Converted retries value: 2 -> Retry(total=2, connect=None, read=None, redirect=None, status=None)
DEBUG:urllib3.util.retry:Converted retries value: 2 -> Retry(total=2, connect=None, read=None, redirect=None, status=None)
DEBUG:urllib3.util.retry:Converted retries value: 2 -> Retry(total=2, connect=None, read=None, redirect=None, status=None)
DEBUG:geopy:Nominatim.geocode: https://nominatim.openstreetmap.org/search?q=Mkad&format=json&limit=1
DEBUG:urllib3.connectionpool:Starting new HTTPS connection (1): nominatim.openstreetmap.org:443
DEBUG:urllib3.connectionpool:https://nominatim.openstreetmap.org:443 "GET /search?q=Mkad&format=json&limit=1 HTTP/1.1" 200 None
DEBUG:urllib3.util.retry:Converted retries value: 2 -> Retry(total=2, connect=None, read=None, redirect=None, status=None)
DEBUG:urllib3.util.retry:Converted retries value: 2 -> Retry(total=2, connect=None, read=None, redirect=None, status=None)
DEBUG:urllib3.util.retry:Converted retries value: 2 -> Retry(total=2, connect=None, read=None, redirect=None, status=None)
DEBUG:urllib3.util.retry:Converted retries value: 2 -> Retry(total=2, connect=None, read=None, redirect=None, status=None)
DEBUG:geopy:Nominatim.geocode: https://nominatim.openstreetmap.org/search?q=Mkad&format=json&limit=1
DEBUG:urllib3.connectionpool:Starting new HTTPS connection (1): nominatim.openstreetmap.org:443
DEBUG:urllib3.connectionpool:https://nominatim.openstreetmap.org:443 "GET /search?q=Mkad&format=json&limit=1 HTTP/1.1" 200 None
DEBUG:urllib3.util.retry:Converted retries value: 2 -> Retry(total=2, connect=None, read=None, redirect=None, status=None)
DEBUG:urllib3.util.retry:Converted retries value: 2 -> Retry(total=2, connect=None, read=None, redirect=None, status=None)
DEBUG:urllib3.util.retry:Converted retries value: 2 -> Retry(total=2, connect=None, read=None, redirect=None, status=None)
DEBUG:urllib3.util.retry:Converted retries value: 2 -> Retry(total=2, connect=None, read=None, redirect=None, status=None)
DEBUG:geopy:Nominatim.geocode: https://nominatim.openstreetmap.org/search?q=Mkad&format=json&limit=1
DEBUG:urllib3.connectionpool:Starting new HTTPS connection (1): nominatim.openstreetmap.org:443
DEBUG:urllib3.connectionpool:https://nominatim.openstreetmap.org:443 "GET /search?q=Mkad&format=json&limit=1 HTTP/1.1" 200 None
DEBUG:urllib3.util.retry:Converted retries value: 2 -> Retry(total=2, connect=None, read=None, redirect=None, status=None)
DEBUG:urllib3.util.retry:Converted retries value: 2 -> Retry(total=2, connect=None, read=None, redirect=None, status=None)
DEBUG:urllib3.util.retry:Converted retries value: 2 -> Retry(total=2, connect=None, read=None, redirect=None, status=None)
DEBUG:urllib3.util.retry:Converted retries value: 2 -> Retry(total=2, connect=None, read=None, redirect=None, status=None)
DEBUG:geopy:Nominatim.geocode: https://nominatim.openstreetmap.org/search?q=Mkad&format=json&limit=1
DEBUG:urllib3.connectionpool:Starting new HTTPS connection (1): nominatim.openstreetmap.org:443
DEBUG:urllib3.connectionpool:https://nominatim.openstreetmap.org:443 "GET /search?q=Mkad&format=json&limit=1 HTTP/1.1" 200 None
DEBUG:urllib3.util.retry:Converted retries value: 2 -> Retry(total=2, connect=None, read=None, redirect=None, status=None)
DEBUG:urllib3.util.retry:Converted retries value: 2 -> Retry(total=2, connect=None, read=None, redirect=None, status=None)
DEBUG:urllib3.util.retry:Converted retries value: 2 -> Retry(total=2, connect=None, read=None, redirect=None, status=None)
DEBUG:urllib3.util.retry:Converted retries value: 2 -> Retry(total=2, connect=None, read=None, redirect=None, status=None)
DEBUG:geopy:Nominatim.geocode: https://nominatim.openstreetmap.org/search?q=Mkad&format=json&limit=1
DEBUG:urllib3.connectionpool:Starting new HTTPS connection (1): nominatim.openstreetmap.org:443
DEBUG:urllib3.connectionpool:https://nominatim.openstreetmap.org:443 "GET /search?q=Mkad&format=json&limit=1 HTTP/1.1" 200 None
DEBUG:urllib3.util.retry:Converted retries value: 2 -> Retry(total=2, connect=None, read=None, redirect=None, status=None)
DEBUG:urllib3.util.retry:Converted retries value: 2 -> Retry(total=2, connect=None, read=None, redirect=None, status=None)
DEBUG:urllib3.util.retry:Converted retries value: 2 -> Retry(total=2, connect=None, read=None, redirect=None, status=None)
DEBUG:urllib3.util.retry:Converted retries value: 2 -> Retry(total=2, connect=None, read=None, redirect=None, status=None)
DEBUG:geopy:Nominatim.geocode: https://nominatim.openstreetmap.org/search?q=Mkad&format=json&limit=1
DEBUG:urllib3.connectionpool:Starting new HTTPS connection (1): nominatim.openstreetmap.org:443
DEBUG:urllib3.connectionpool:https://nominatim.openstreetmap.org:443 "GET /search?q=Mkad&format=json&limit=1 HTTP/1.1" 200 None
DEBUG:urllib3.util.retry:Converted retries value: 2 -> Retry(total=2, connect=None, read=None, redirect=None, status=None)
DEBUG:urllib3.util.retry:Converted retries value: 2 -> Retry(total=2, connect=None, read=None, redirect=None, status=None)
DEBUG:urllib3.util.retry:Converted retries value: 2 -> Retry(total=2, connect=None, read=None, redirect=None, status=None)
DEBUG:urllib3.util.retry:Converted retries value: 2 -> Retry(total=2, connect=None, read=None, redirect=None, status=None)
DEBUG:geopy:Nominatim.geocode: https://nominatim.openstreetmap.org/search?q=Mkad&format=json&limit=1
DEBUG:urllib3.connectionpool:Starting new HTTPS connection (1): nominatim.openstreetmap.org:443
DEBUG:urllib3.connectionpool:https://nominatim.openstreetmap.org:443 "GET /search?q=Mkad&format=json&limit=1 HTTP/1.1" 200 None
DEBUG:urllib3.util.retry:Converted retries value: 2 -> Retry(total=2, connect=None, read=None, redirect=None, status=None)
DEBUG:urllib3.util.retry:Converted retries value: 2 -> Retry(total=2, connect=None, read=None, redirect=None, status=None)
DEBUG:urllib3.util.retry:Converted retries value: 2 -> Retry(total=2, connect=None, read=None, redirect=None, status=None)
DEBUG:urllib3.util.retry:Converted retries value: 2 -> Retry(total=2, connect=None, read=None, redirect=None, status=None)
DEBUG:geopy:Nominatim.geocode: https://nominatim.openstreetmap.org/search?q=Mkad&format=json&limit=1
DEBUG:urllib3.connectionpool:Starting new HTTPS connection (1): nominatim.openstreetmap.org:443
DEBUG:urllib3.connectionpool:https://nominatim.openstreetmap.org:443 "GET /search?q=Mkad&format=json&limit=1 HTTP/1.1" 200 None
DEBUG:urllib3.util.retry:Converted retries value: 2 -> Retry(total=2, connect=None, read=None, redirect=None, status=None)
DEBUG:urllib3.util.retry:Converted retries value: 2 -> Retry(total=2, connect=None, read=None, redirect=None, status=None)
DEBUG:urllib3.util.retry:Converted retries value: 2 -> Retry(total=2, connect=None, read=None, redirect=None, status=None)
DEBUG:urllib3.util.retry:Converted retries value: 2 -> Retry(total=2, connect=None, read=None, redirect=None, status=None)
DEBUG:geopy:Nominatim.geocode: https://nominatim.openstreetmap.org/search?q=Mkad&format=json&limit=1
DEBUG:urllib3.connectionpool:Starting new HTTPS connection (1): nominatim.openstreetmap.org:443
DEBUG:urllib3.connectionpool:https://nominatim.openstreetmap.org:443 "GET /search?q=Mkad&format=json&limit=1 HTTP/1.1" 200 None
DEBUG:urllib3.util.retry:Converted retries value: 2 -> Retry(total=2, connect=None, read=None, redirect=None, status=None)
DEBUG:urllib3.util.retry:Converted retries value: 2 -> Retry(total=2, connect=None, read=None, redirect=None, status=None)
DEBUG:urllib3.util.retry:Converted retries value: 2 -> Retry(total=2, connect=None, read=None, redirect=None, status=None)
DEBUG:urllib3.util.retry:Converted retries value: 2 -> Retry(total=2, connect=None, read=None, redirect=None, status=None)
DEBUG:geopy:Nominatim.geocode: https://nominatim.openstreetmap.org/search?q=Mkad&format=json&limit=1
DEBUG:urllib3.connectionpool:Starting new HTTPS connection (1): nominatim.openstreetmap.org:443
DEBUG:urllib3.connectionpool:https://nominatim.openstreetmap.org:443 "GET /search?q=Mkad&format=json&limit=1 HTTP/1.1" 200 None
DEBUG:urllib3.util.retry:Converted retries value: 2 -> Retry(total=2, connect=None, read=None, redirect=None, status=None)
DEBUG:urllib3.util.retry:Converted retries value: 2 -> Retry(total=2, connect=None, read=None, redirect=None, status=None)
DEBUG:urllib3.util.retry:Converted retries value: 2 -> Retry(total=2, connect=None, read=None, redirect=None, status=None)
DEBUG:urllib3.util.retry:Converted retries value: 2 -> Retry(total=2, connect=None, read=None, redirect=None, status=None)
DEBUG:geopy:Nominatim.geocode: https://nominatim.openstreetmap.org/search?q=Mkad&format=json&limit=1
DEBUG:urllib3.connectionpool:Starting new HTTPS connection (1): nominatim.openstreetmap.org:443
DEBUG:urllib3.connectionpool:https://nominatim.openstreetmap.org:443 "GET /search?q=Mkad&format=json&limit=1 HTTP/1.1" 200 None
DEBUG:urllib3.util.retry:Converted retries value: 2 -> Retry(total=2, connect=None, read=None, redirect=None, status=None)
DEBUG:urllib3.util.retry:Converted retries value: 2 -> Retry(total=2, connect=None, read=None, redirect=None, status=None)
DEBUG:urllib3.util.retry:Converted retries value: 2 -> Retry(total=2, connect=None, read=None, redirect=None, status=None)
DEBUG:urllib3.util.retry:Converted retries value: 2 -> Retry(total=2, connect=None, read=None, redirect=None, status=None)
DEBUG:geopy:Nominatim.geocode: https://nominatim.openstreetmap.org/search?q=Mkad&format=json&limit=1
DEBUG:urllib3.connectionpool:Starting new HTTPS connection (1): nominatim.openstreetmap.org:443
DEBUG:urllib3.connectionpool:https://nominatim.openstreetmap.org:443 "GET /search?q=Mkad&format=json&limit=1 HTTP/1.1" 200 None
INFO:werkzeug: * Running on http://127.0.0.1:5000/ (Press CTRL+C to quit)
INFO:werkzeug:127.0.0.1 - - [12/Jul/2021 16:22:40] "[37mGET / HTTP/1.1[0m" 200 -
DEBUG:urllib3.util.retry:Converted retries value: 2 -> Retry(total=2, connect=None, read=None, redirect=None, status=None)
DEBUG:urllib3.util.retry:Converted retries value: 2 -> Retry(total=2, connect=None, read=None, redirect=None, status=None)
DEBUG:urllib3.util.retry:Converted retries value: 2 -> Retry(total=2, connect=None, read=None, redirect=None, status=None)
DEBUG:urllib3.util.retry:Converted retries value: 2 -> Retry(total=2, connect=None, read=None, redirect=None, status=None)
DEBUG:geopy:Nominatim.geocode: https://nominatim.openstreetmap.org/search?q=Mkad&format=json&limit=1
DEBUG:urllib3.connectionpool:Starting new HTTPS connection (1): nominatim.openstreetmap.org:443
DEBUG:urllib3.connectionpool:https://nominatim.openstreetmap.org:443 "GET /search?q=Mkad&format=json&limit=1 HTTP/1.1" 200 None
DEBUG:urllib3.util.retry:Converted retries value: 2 -> Retry(total=2, connect=None, read=None, redirect=None, status=None)
DEBUG:urllib3.util.retry:Converted retries value: 2 -> Retry(total=2, connect=None, read=None, redirect=None, status=None)
DEBUG:urllib3.util.retry:Converted retries value: 2 -> Retry(total=2, connect=None, read=None, redirect=None, status=None)
DEBUG:urllib3.util.retry:Converted retries value: 2 -> Retry(total=2, connect=None, read=None, redirect=None, status=None)
DEBUG:geopy:Nominatim.geocode: https://nominatim.openstreetmap.org/search?q=Mkad&format=json&limit=1
DEBUG:urllib3.connectionpool:Starting new HTTPS connection (1): nominatim.openstreetmap.org:443
DEBUG:urllib3.connectionpool:https://nominatim.openstreetmap.org:443 "GET /search?q=Mkad&format=json&limit=1 HTTP/1.1" 200 None
DEBUG:urllib3.util.retry:Converted retries value: 2 -> Retry(total=2, connect=None, read=None, redirect=None, status=None)
DEBUG:urllib3.util.retry:Converted retries value: 2 -> Retry(total=2, connect=None, read=None, redirect=None, status=None)
DEBUG:urllib3.util.retry:Converted retries value: 2 -> Retry(total=2, connect=None, read=None, redirect=None, status=None)
DEBUG:urllib3.util.retry:Converted retries value: 2 -> Retry(total=2, connect=None, read=None, redirect=None, status=None)
DEBUG:geopy:Nominatim.geocode: https://nominatim.openstreetmap.org/search?q=Mkad&format=json&limit=1
DEBUG:urllib3.connectionpool:Starting new HTTPS connection (1): nominatim.openstreetmap.org:443
DEBUG:urllib3.connectionpool:https://nominatim.openstreetmap.org:443 "GET /search?q=Mkad&format=json&limit=1 HTTP/1.1" 200 None
DEBUG:urllib3.util.retry:Converted retries value: 2 -> Retry(total=2, connect=None, read=None, redirect=None, status=None)
DEBUG:urllib3.util.retry:Converted retries value: 2 -> Retry(total=2, connect=None, read=None, redirect=None, status=None)
DEBUG:urllib3.util.retry:Converted retries value: 2 -> Retry(total=2, connect=None, read=None, redirect=None, status=None)
DEBUG:urllib3.util.retry:Converted retries value: 2 -> Retry(total=2, connect=None, read=None, redirect=None, status=None)
DEBUG:geopy:Nominatim.geocode: https://nominatim.openstreetmap.org/search?q=Mkad&format=json&limit=1
DEBUG:urllib3.connectionpool:Starting new HTTPS connection (1): nominatim.openstreetmap.org:443
DEBUG:urllib3.connectionpool:https://nominatim.openstreetmap.org:443 "GET /search?q=Mkad&format=json&limit=1 HTTP/1.1" 200 None
DEBUG:urllib3.util.retry:Converted retries value: 2 -> Retry(total=2, connect=None, read=None, redirect=None, status=None)
DEBUG:urllib3.util.retry:Converted retries value: 2 -> Retry(total=2, connect=None, read=None, redirect=None, status=None)
DEBUG:urllib3.util.retry:Converted retries value: 2 -> Retry(total=2, connect=None, read=None, redirect=None, status=None)
DEBUG:urllib3.util.retry:Converted retries value: 2 -> Retry(total=2, connect=None, read=None, redirect=None, status=None)
DEBUG:geopy:Nominatim.geocode: https://nominatim.openstreetmap.org/search?q=Mkad&format=json&limit=1
DEBUG:urllib3.connectionpool:Starting new HTTPS connection (1): nominatim.openstreetmap.org:443
DEBUG:urllib3.connectionpool:https://nominatim.openstreetmap.org:443 "GET /search?q=Mkad&format=json&limit=1 HTTP/1.1" 200 None
DEBUG:urllib3.util.retry:Converted retries value: 2 -> Retry(total=2, connect=None, read=None, redirect=None, status=None)
DEBUG:urllib3.util.retry:Converted retries value: 2 -> Retry(total=2, connect=None, read=None, redirect=None, status=None)
DEBUG:urllib3.util.retry:Converted retries value: 2 -> Retry(total=2, connect=None, read=None, redirect=None, status=None)
DEBUG:urllib3.util.retry:Converted retries value: 2 -> Retry(total=2, connect=None, read=None, redirect=None, status=None)
DEBUG:geopy:Nominatim.geocode: https://nominatim.openstreetmap.org/search?q=Mkad&format=json&limit=1
DEBUG:urllib3.connectionpool:Starting new HTTPS connection (1): nominatim.openstreetmap.org:443
DEBUG:urllib3.connectionpool:https://nominatim.openstreetmap.org:443 "GET /search?q=Mkad&format=json&limit=1 HTTP/1.1" 200 None
DEBUG:urllib3.util.retry:Converted retries value: 2 -> Retry(total=2, connect=None, read=None, redirect=None, status=None)
DEBUG:urllib3.util.retry:Converted retries value: 2 -> Retry(total=2, connect=None, read=None, redirect=None, status=None)
DEBUG:urllib3.util.retry:Converted retries value: 2 -> Retry(total=2, connect=None, read=None, redirect=None, status=None)
DEBUG:urllib3.util.retry:Converted retries value: 2 -> Retry(total=2, connect=None, read=None, redirect=None, status=None)
DEBUG:geopy:Nominatim.geocode: https://nominatim.openstreetmap.org/search?q=Mkad&format=json&limit=1
DEBUG:urllib3.connectionpool:Starting new HTTPS connection (1): nominatim.openstreetmap.org:443
DEBUG:urllib3.connectionpool:https://nominatim.openstreetmap.org:443 "GET /search?q=Mkad&format=json&limit=1 HTTP/1.1" 200 None
DEBUG:urllib3.util.retry:Converted retries value: 2 -> Retry(total=2, connect=None, read=None, redirect=None, status=None)
DEBUG:urllib3.util.retry:Converted retries value: 2 -> Retry(total=2, connect=None, read=None, redirect=None, status=None)
DEBUG:urllib3.util.retry:Converted retries value: 2 -> Retry(total=2, connect=None, read=None, redirect=None, status=None)
DEBUG:urllib3.util.retry:Converted retries value: 2 -> Retry(total=2, connect=None, read=None, redirect=None, status=None)
DEBUG:geopy:Nominatim.geocode: https://nominatim.openstreetmap.org/search?q=Mkad&format=json&limit=1
DEBUG:urllib3.connectionpool:Starting new HTTPS connection (1): nominatim.openstreetmap.org:443
DEBUG:urllib3.connectionpool:https://nominatim.openstreetmap.org:443 "GET /search?q=Mkad&format=json&limit=1 HTTP/1.1" 200 None
INFO:werkzeug: * Running on http://127.0.0.1:5000/ (Press CTRL+C to quit)
DEBUG:urllib3.util.retry:Converted retries value: 2 -> Retry(total=2, connect=None, read=None, redirect=None, status=None)
DEBUG:urllib3.util.retry:Converted retries value: 2 -> Retry(total=2, connect=None, read=None, redirect=None, status=None)
DEBUG:urllib3.util.retry:Converted retries value: 2 -> Retry(total=2, connect=None, read=None, redirect=None, status=None)
DEBUG:urllib3.util.retry:Converted retries value: 2 -> Retry(total=2, connect=None, read=None, redirect=None, status=None)
DEBUG:geopy:Nominatim.geocode: https://nominatim.openstreetmap.org/search?q=Mkad&format=json&limit=1
DEBUG:urllib3.connectionpool:Starting new HTTPS connection (1): nominatim.openstreetmap.org:443
DEBUG:urllib3.connectionpool:https://nominatim.openstreetmap.org:443 "GET /search?q=Mkad&format=json&limit=1 HTTP/1.1" 200 None
DEBUG:urllib3.util.retry:Converted retries value: 2 -> Retry(total=2, connect=None, read=None, redirect=None, status=None)
DEBUG:urllib3.util.retry:Converted retries value: 2 -> Retry(total=2, connect=None, read=None, redirect=None, status=None)
DEBUG:urllib3.util.retry:Converted retries value: 2 -> Retry(total=2, connect=None, read=None, redirect=None, status=None)
DEBUG:urllib3.util.retry:Converted retries value: 2 -> Retry(total=2, connect=None, read=None, redirect=None, status=None)
DEBUG:geopy:Nominatim.geocode: https://nominatim.openstreetmap.org/search?q=Mkad&format=json&limit=1
DEBUG:urllib3.connectionpool:Starting new HTTPS connection (1): nominatim.openstreetmap.org:443
DEBUG:urllib3.connectionpool:https://nominatim.openstreetmap.org:443 "GET /search?q=Mkad&format=json&limit=1 HTTP/1.1" 200 None
